[19.02.2011 16:54:06] DAEMON: Es wurden 20 Bilder im Upload-Verzeichnis gefunden
[19.02.2011 16:54:10] 20110129_pw_016.JPG ... ok
[19.02.2011 16:54:14] 20110129_pw_102.JPG ... ok
[19.02.2011 16:54:18] 20110129_pw_233.JPG ... ok
[19.02.2011 16:54:23] 20110129_pw_282.JPG ... ok
[19.02.2011 16:54:25] 20110208_pw_056.JPG ... ok
[19.02.2011 16:54:29] 20110208_pw_136.JPG ... ok
[19.02.2011 16:54:31] 20110208_pw_346.JPG ... ok
[19.02.2011 16:54:35] 20110208_pw_390.JPG ... ok
[19.02.2011 16:54:39] 20110218_pw_017.JPG ... ok
[19.02.2011 16:54:43] 20110218_pw_148.JPG ... ok
[19.02.2011 16:54:47] 20110218_pw_309.JPG ... ok
[19.02.2011 16:54:49] 20110218_pw_485.JPG ... ok
[19.02.2011 16:54:53] 20110121_pw_005.JPG ... ok
[19.02.2011 16:54:57] 20110121_pw_457.JPG ... ok
[19.02.2011 16:55:00] 20110121_pw_545.JPG ... ok
[19.02.2011 16:55:05] 20110121_pw_573.JPG ... ok
[19.02.2011 16:55:09] 20110204_pw_140.JPG ... ok
[19.02.2011 16:55:12] 20110204_pw_548.JPG ... ok
[19.02.2011 16:55:16] 20110204_pw_674.JPG ... ok
[19.02.2011 16:55:20] 20110204_pw_953.JPG ... ok
[12.04.2011 13:22:01] DAEMON: Es wurden 20 Bilder im Upload-Verzeichnis gefunden
[12.04.2011 13:22:11] 20110121_pw_005.JPG ... ok
[12.04.2011 13:22:16] 20110121_pw_457.JPG ... ok
[12.04.2011 13:22:19] 20110121_pw_545.JPG ... ok
[12.04.2011 13:22:23] 20110121_pw_573.JPG ... ok
[12.04.2011 13:22:27] 20110129_pw_016.JPG ... ok
[12.04.2011 13:22:31] 20110129_pw_102.JPG ... ok
[12.04.2011 13:22:35] 20110129_pw_233.JPG ... ok
[12.04.2011 13:22:39] 20110129_pw_282.JPG ... ok
[12.04.2011 13:22:43] 20110204_pw_140.JPG ... ok
[12.04.2011 13:22:46] 20110204_pw_548.JPG ... ok
[12.04.2011 13:22:50] 20110204_pw_674.JPG ... ok
[12.04.2011 13:22:54] 20110204_pw_953.JPG ... ok
[12.04.2011 13:22:56] 20110208_pw_056.JPG ... ok
[12.04.2011 13:23:00] 20110208_pw_136.JPG ... ok
[12.04.2011 13:23:06] 20110208_pw_346.JPG ... ok
[12.04.2011 13:23:10] 20110208_pw_390.JPG ... ok
[12.04.2011 13:23:15] 20110218_pw_017.JPG ... ok
[12.04.2011 13:23:19] 20110218_pw_148.JPG ... ok
[12.04.2011 13:23:23] 20110218_pw_309.JPG ... ok
[12.04.2011 13:23:26] 20110218_pw_485.JPG ... ok
[17.04.2011 17:40:03] DAEMON: Es wurden 14 Bilder im Upload-Verzeichnis gefunden
[17.04.2011 17:40:13] 20110415_Clueso_187.JPG ... ok
[17.04.2011 17:40:18] 20110415_Clueso_053.JPG ... ok
[17.04.2011 17:40:22] 20110415_Clueso_222.JPG ... ok
[17.04.2011 17:40:27] 20110415_Clueso_315.JPG ... ok
[17.04.2011 17:40:31] 20110415_Clueso_348.JPG ... ok
[17.04.2011 17:40:35] 20110415_Clueso_375.JPG ... ok
[17.04.2011 17:40:39] 20110415_Clueso_475.JPG ... ok
[17.04.2011 17:40:44] 20110413_James-Blake_024.JPG ... ok
[17.04.2011 17:40:48] 20110413_James-Blake_048.JPG ... ok
[17.04.2011 17:40:52] 20110413_James-Blake_051.JPG ... ok
[17.04.2011 17:40:56] 20110413_James-Blake_167.JPG ... ok
[17.04.2011 17:41:00] 20110413_James-Blake_180.JPG ... ok
[17.04.2011 17:41:07] 20110413_James-Blake_201.JPG ... ok
[17.04.2011 17:41:11] 20110413_James-Blake_218.JPG ... ok
[17.04.2011 17:42:02] DAEMON: Es wurden 7 Bilder im Upload-Verzeichnis gefunden
[17.04.2011 17:42:16] 20110413_Peter-Doherty_002.JPG ... ok
[17.04.2011 17:42:19] 20110413_Peter-Doherty_008.JPG ... ok
[17.04.2011 17:42:24] 20110413_Peter-Doherty_014.JPG ... ok
[17.04.2011 17:42:28] 20110413_Peter-Doherty_257.JPG ... ok
[17.04.2011 17:42:32] 20110413_Peter-Doherty_318.JPG ... ok
[17.04.2011 17:42:37] 20110413_Peter-Doherty_515.JPG ... ok
[17.04.2011 17:42:41] 20110413_Peter-Doherty_525.JPG ... ok
[17.05.2011 15:58:02] DAEMON: Es wurden 1 Bilder im Upload-Verzeichnis gefunden
[17.05.2011 15:58:09] 20110415_Clueso_475.JPG ... ok
[21.05.2011 10:30:02] DAEMON: Es wurden 14 Bilder im Upload-Verzeichnis gefunden
[21.05.2011 10:30:14] 20110413_James-Blake_024.JPG ... ok
[21.05.2011 10:30:19] 20110413_James-Blake_048.JPG ... ok
[21.05.2011 10:30:23] 20110413_James-Blake_051.JPG ... ok
[21.05.2011 10:30:28] 20110413_James-Blake_167.JPG ... ok
[21.05.2011 10:30:32] 20110413_James-Blake_180.JPG ... ok
[21.05.2011 10:30:36] 20110413_James-Blake_201.JPG ... ok
[21.05.2011 10:30:41] 20110413_James-Blake_218.JPG ... ok
[21.05.2011 10:30:44] 20110413_Peter-Doherty_002.JPG ... ok
[21.05.2011 10:30:48] 20110413_Peter-Doherty_008.JPG ... ok
[21.05.2011 10:30:52] 20110413_Peter-Doherty_014.JPG ... ok
[21.05.2011 10:30:56] 20110413_Peter-Doherty_257.JPG ... ok
[21.05.2011 10:31:00] 20110413_Peter-Doherty_318.JPG ... ok
[21.05.2011 10:31:06] 20110413_Peter-Doherty_515.JPG ... ok
[21.05.2011 10:31:10] 20110413_Peter-Doherty_525.JPG ... ok
